[INFO ]2023-11-21 13:52:50.489 [main]RestUtils-***User sends request with BaseURL***
[INFO ]2023-11-21 13:52:52.262 [main]RestUtils-****New user login is Not created ****
[INFO ]2023-11-21 13:52:52.295 [main]RestUtils-User Login is not created 404
[INFO ]2023-11-21 13:52:52.366 [main]RestUtils-***User sends request with BaseURL***
[INFO ]2023-11-21 13:52:52.374 [main]RestUtils-User Login is not created 404
[INFO ]2023-11-21 13:52:52.388 [main]RestUtils-***User sends request with BaseURL***
[INFO ]2023-11-21 13:52:52.652 [main]RestUtils-****New user login is Not created ****
[INFO ]2023-11-21 13:52:52.657 [main]RestUtils-User Login is not created 401
[INFO ]2023-11-21 13:52:52.675 [main]RestUtils-***User sends request with BaseURL***
[INFO ]2023-11-21 13:52:53.355 [main]RestUtils-****New user login is created with Bearer Token****
[INFO ]2023-11-21 13:52:53.579 [main]RestUtils-User Login created successfully with status code 200
[INFO ]2023-11-21 13:52:53.579 [main]RestUtils-User Login Response body{"token":"eyJhbGciOiJIUzUxMiJ9.eyJzdWIiOiJwcml5YW5rYWdhamJoaXllMTEwNDE1QGdtYWlsLmNvbSIsImlhdCI6MTcwMDU5Mjc3MiwiZXhwIjoxNzAwNjIxNTcyfQ.KUneChT8NZwpdO5qmngN1BunhvYCcX-Dk5p4drn66R-MZKQQ3kKemrIVrBLbD8EAl-l6MnCKkiI-COe5PJ7rLg","type":"Bearer ","userId":75,"loginUserEmail":"priyankagajbhiye110415@gmail.com","roles":["ROLE_DIETICIAN"]}
[INFO ]2023-11-21 13:52:53.592 [main]RestUtils-***Get request for all Morbidities***
[INFO ]2023-11-21 13:52:53.768 [main]RestUtils-Get All Morbidity successful with status code 200
[INFO ]2023-11-21 13:52:53.768 [main]RestUtils-Get All Morbidity Response body[{"morbidityId":1,"morbidityTestId":"DIA_FG","morbidityNameRegex":"(?i)(.*)fasting(.*)[sugarglucose](.*)|(.*)glucose(.*)fasting(.*)","morbidityTestName":"Fasting Glucose","morbidityTestUnit":"mg/dL","morbidityMarkerMinVal":100.0,"morbidityMarkerMaxVal":125.0},{"morbidityId":2,"morbidityTestId":"DIA_AG","morbidityNameRegex":"(?i)(.*)average(.*)glucose(.*)","morbidityTestName":"Average Glucose","morbidityTestUnit":"mg/dL","morbidityMarkerMinVal":121.0,"morbidityMarkerMaxVal":150.0},{"morbidityId":3,"morbidityTestId":"DIA_PG","morbidityNameRegex":"(?i)(.*)plasma(.*)glucose(.*)","morbidityTestName":"Plasma Glucose","morbidityTestUnit":"mg/dL","morbidityMarkerMinVal":140.0,"morbidityMarkerMaxVal":199.0},{"morbidityId":4,"morbidityTestId":"DIA_HBA1C","morbidityNameRegex":"(.*)HbA[1I]c(.*)|(.*)H(.*)P(.*)L(.*)C(.*)","morbidityTestName":"HbA1c","morbidityTestUnit":"%","morbidityMarkerMinVal":5.7,"morbidityMarkerMaxVal":6.5},{"morbidityId":5,"morbidityTestId":"THYRO_TSH","morbidityNameRegex":"(?i)(.*)T(.*)S(.*)H(.*)|(.*)THYROID STIMULATING HORMONE(.*)","morbidityTestName":"TSH","morbidityTestUnit":"μIU/ml","morbidityMarkerMinVal":0.55,"morbidityMarkerMaxVal":4.78},{"morbidityId":6,"morbidityTestId":"THYRO_TSH_1","morbidityNameRegex":"(?i)(.*)T(.*)S(.*)H(.*)|(.*)THYROID STIMULATING HORMONE(.*)","morbidityTestName":"TSH","morbidityTestUnit":"uIU/ml","morbidityMarkerMinVal":0.55,"morbidityMarkerMaxVal":4.78},{"morbidityId":7,"morbidityTestId":"THYRO_T3","morbidityNameRegex":"(?i)(.*)T3(.*)","morbidityTestName":"T3","morbidityTestUnit":"ng/dL","morbidityMarkerMinVal":60.0,"morbidityMarkerMaxVal":180.0},{"morbidityId":8,"morbidityTestId":"THYRO_T3_1","morbidityNameRegex":"(?i)(.*)T3(.*)","morbidityTestName":"T3","morbidityTestUnit":"ng/mL","morbidityMarkerMinVal":0.6,"morbidityMarkerMaxVal":1.8},{"morbidityId":9,"morbidityTestId":"THYRO_T3_2","morbidityNameRegex":"(?i)(.*)T3(.*)","morbidityTestName":"T3","morbidityTestUnit":"pg/mL","morbidityMarkerMinVal":1.5,"morbidityMarkerMaxVal":4.1},{"morbidityId":10,"morbidityTestId":"THYRO_T3_3","morbidityNameRegex":"(?i)(.*)T3(.*)","morbidityTestName":"T3","morbidityTestUnit":"nmol/L","morbidityMarkerMinVal":0.9,"morbidityMarkerMaxVal":2.76},{"morbidityId":11,"morbidityTestId":"THYRO_T4","morbidityNameRegex":"(?i)(.*)T4(.*)","morbidityTestName":"T4","morbidityTestUnit":"μg/dL","morbidityMarkerMinVal":5.0,"morbidityMarkerMaxVal":12.0},{"morbidityId":12,"morbidityTestId":"THYRO_T4_1","morbidityNameRegex":"(?i)(.*)T4(.*)","morbidityTestName":"T4","morbidityTestUnit":"ug/dL","morbidityMarkerMinVal":5.0,"morbidityMarkerMaxVal":12.0},{"morbidityId":13,"morbidityTestId":"THYRO_T4_2","morbidityNameRegex":"(?i)(.*)T4(.*)","morbidityTestName":"T4","morbidityTestUnit":"ng/dL","morbidityMarkerMinVal":0.8,"morbidityMarkerMaxVal":1.9},{"morbidityId":14,"morbidityTestId":"BP_LEVEL","morbidityNameRegex":"(?i)(.*)Blood(.*)Pressure(.*)","morbidityTestName":"Blood Pressure Levels","morbidityTestUnit":"mm Hg","morbidityMarkerMinVal":80.0,"morbidityMarkerMaxVal":130.0},{"morbidityId":15,"morbidityTestId":"THYRO_TSH_2","morbidityNameRegex":"(?i)(.*)T(.*)S(.*)H(.*)|(.*)THYROID STIMULATING HORMONE(.*)","morbidityTestName":"TSH","morbidityTestUnit":"mIU/L","morbidityMarkerMinVal":0.45,"morbidityMarkerMaxVal":4.12}]
[INFO ]2023-11-21 13:52:53.781 [main]RestUtils-***Get Resquest by Morbidity Name***
[INFO ]2023-11-21 13:52:53.936 [main]RestUtils-Get Morbidity by Name successful with status code 200
[INFO ]2023-11-21 13:52:53.936 [main]RestUtils-Get Morbidity by Name Response body[{"morbidityId":5,"morbidityTestId":"THYRO_TSH","morbidityNameRegex":"(?i)(.*)T(.*)S(.*)H(.*)|(.*)THYROID STIMULATING HORMONE(.*)","morbidityTestName":"TSH","morbidityTestUnit":"μIU/ml","morbidityMarkerMinVal":0.55,"morbidityMarkerMaxVal":4.78},{"morbidityId":6,"morbidityTestId":"THYRO_TSH_1","morbidityNameRegex":"(?i)(.*)T(.*)S(.*)H(.*)|(.*)THYROID STIMULATING HORMONE(.*)","morbidityTestName":"TSH","morbidityTestUnit":"uIU/ml","morbidityMarkerMinVal":0.55,"morbidityMarkerMaxVal":4.78},{"morbidityId":15,"morbidityTestId":"THYRO_TSH_2","morbidityNameRegex":"(?i)(.*)T(.*)S(.*)H(.*)|(.*)THYROID STIMULATING HORMONE(.*)","morbidityTestName":"TSH","morbidityTestUnit":"mIU/L","morbidityMarkerMinVal":0.45,"morbidityMarkerMaxVal":4.12}]
[INFO ]2023-11-21 13:52:53.945 [main]RestUtils-***Get request for all Morbidities Without token***
[INFO ]2023-11-21 13:52:54.093 [main]RestUtils-User Login is not created 401
[INFO ]2023-11-21 13:52:54.101 [main]RestUtils-***Get request for all Morbidity Name Without token***
[INFO ]2023-11-21 13:52:54.247 [main]RestUtils-User Login is not created 401
[INFO ]2023-11-21 13:52:54.255 [main]RestUtils-***GET request by partial morbidity Name***
[INFO ]2023-11-21 13:52:54.446 [main]RestUtils-***Get request by invalid morbidity Name***
[INFO ]2023-11-21 13:52:54.602 [main]RestUtils-User Login is not created 404
[INFO ]2023-11-21 13:52:54.615 [main]RestUtils-***User  sends GET request for all Patient***
[INFO ]2023-11-21 13:52:54.782 [main]RestUtils-Patient updated successfully with status code 200
[INFO ]2023-11-21 13:52:54.790 [main]RestUtils-***User  sends POST request for New Patient***
[INFO ]2023-11-21 13:52:55.279 [main]RestUtils-New Patient created successfully with status code 201
[INFO ]2023-11-21 13:52:55.280 [main]RestUtils-New Patient Response body{"patientId":6154,"FirstName":"John","LastName":"Dough","ContactNumber":"8883326688","Email":"testpatientInfo@test.com","Allergy":"patientInfoAllergyEdit","FoodCategory":"EGGETARIAN","FileMorbidity":{"655cfc879cc3984158e19460":{"T4":"1.22 µg/dl","TSH":"100.0 mIU/L"}},"FileMorbidityCondition":{"655cfc879cc3984158e19460":"Thyroid: Hypothyroidism \n"},"DateOfBirth":"2010-01-01T00:00:00.000+00:00","DieticianId":75}
[INFO ]2023-11-21 13:52:55.287 [main]RestUtils-***User sends PUT request for update Patient***
[INFO ]2023-11-21 13:52:55.300 [main]RestUtils-***User  sends GET request for patient by patientID***
[INFO ]2023-11-21 13:52:55.473 [main]RestUtils-Patient response for Morbidity by patientID 200
[INFO ]2023-11-21 13:52:55.480 [main]RestUtils-***User sends GET request by fileID***
[INFO ]2023-11-21 13:52:56.642 [main]RestUtils-***User creates POST request with duplicate data***
[INFO ]2023-11-21 13:52:56.911 [main]RestUtils-New Patient created successfully with status code 400
[INFO ]2023-11-21 13:52:56.918 [main]RestUtils-***Delete request for Patient with Invalid Endpoint***
[INFO ]2023-11-21 13:52:57.119 [main]RestUtils- Patient Delete Unsuccessfull with status code 404
[INFO ]2023-11-21 13:52:57.127 [main]RestUtils-***Delete request for Patient with Invalid patientID***
[INFO ]2023-11-21 13:52:57.280 [main]RestUtils- Patient Delete Unsuccessful with status code 404
[INFO ]2023-11-21 13:52:57.286 [main]RestUtils-***Delete Patient without token***
[INFO ]2023-11-21 13:52:57.298 [main]RestUtils-***Get request for logout Invalid Endpoint***
[INFO ]2023-11-21 13:52:57.466 [main]RestUtils-Request failed
[INFO ]2023-11-21 13:52:57.472 [main]RestUtils-***Get request for for logout without token***
[INFO ]2023-11-21 13:52:57.620 [main]RestUtils-User Login is not created 401
[INFO ]2023-11-21 13:52:57.631 [main]RestUtils-***Get request for for logout valid Endpoint***
[INFO ]2023-11-21 13:52:57.777 [main]RestUtils-User Login created successfully with status code 200
[INFO ]2023-11-21 13:52:57.777 [main]RestUtils-User Login Response bodyLogout successful
[INFO ]2023-11-21 13:52:57.783 [main]RestUtils-***User sends request with BaseURL***
[INFO ]2023-11-21 13:52:58.043 [main]RestUtils-****Patient Role login is created with Bearer Token****
[INFO ]2023-11-21 13:52:58.048 [main]RestUtils-User Login created successfully with status code 200
[INFO ]2023-11-21 13:52:58.048 [main]RestUtils-User Login Response body{"token":"eyJhbGciOiJIUzUxMiJ9.eyJzdWIiOiJwcml5YW5rYWdhamJoaXllMTEwNDE1QGdtYWlsLmNvbSIsImlhdCI6MTcwMDU5Mjc3NywiZXhwIjoxNzAwNjIxNTc3fQ.c2ATDjxHxZpo_lQOsHg2gvNYgjH5h5ptkHff89rQugtKhrD_Z7xKnq1Cdt6hP73WU4lTKb2nNumEh6ZKw5xb-g","type":"Bearer ","userId":75,"loginUserEmail":"priyankagajbhiye110415@gmail.com","roles":["ROLE_DIETICIAN"]}
[INFO ]2023-11-21 13:52:58.057 [main]RestUtils-***GET request for Patient Role***
[INFO ]2023-11-21 13:52:58.210 [main]RestUtils-Patient response for Morbidity by patientID 200
[INFO ]2023-11-21 13:52:58.217 [main]RestUtils-***GET request for Patient Role by fileID***
[INFO ]2023-11-21 13:52:58.385 [main]RestUtils-***Delete request for Patient***
